<?xml version="1.0" encoding="UTF-8"?>
<testsuite xmlns:xsi="http://www.w3.org/2001/XMLSchema-instance" xsi:noNamespaceSchemaLocation="https://maven.apache.org/surefire/maven-surefire-plugin/xsd/surefire-test-report-3.0.xsd" version="3.0" name="com.example.calculator.CalculatorTest" time="0.002" tests="7" errors="0" skipped="1" failures="0">
  <properties>
[...]
</properties>
  <testcase name="testEqual" classname="com.example.calculator.CalculatorTest" time="0">
    <skipped/>
  </testcase>
  <testcase name="testDivisionException" classname="com.example.calculator.CalculatorTest" time="0.002">
    <system-out><![CDATA[This is executed before each Test
This is exceuted after each Test
]]></system-out>
  </testcase>
  <testcase name="testDivison" classname="com.example.calculator.CalculatorTest" time="0.002">
    <system-out><![CDATA[This is executed before each Test
This is exceuted after each Test
]]></system-out>
  </testcase>
  <testcase name="testSumHundreds" classname="com.example.calculator.CalculatorTest" time="0.002">
    <system-out><![CDATA[This is executed before each Test
This is exceuted after each Test
]]></system-out>
  </testcase>
  <testcase name="testSum" classname="com.example.calculator.CalculatorTest" time="0.002">
    <system-out><![CDATA[This is executed before each Test
This is exceuted after each Test
]]></system-out>
  </testcase>
  <testcase name="testSubtraction" classname="com.example.calculator.CalculatorTest" time="0.002">
    <system-out><![CDATA[This is executed before each Test
This is exceuted after each Test
]]></system-out>
  </testcase>
  <testcase name="testMultiplication" classname="com.example.calculator.CalculatorTest" time="0.002">
    <system-out><![CDATA[This is executed before each Test
This is exceuted after each Test
]]></system-out>
  </testcase>
</testsuite>